request url:https://unsplash.com/
request url:https://unsplash.com/
Process 0:
Traceback (most recent call last):
  File "/home/xkx/miniconda3/lib/python3.7/site-packages/urllib3/connection.py", line 171, in _new_conn
    (self._dns_host, self.port), self.timeout, **extra_kw)
  File "/home/xkx/miniconda3/lib/python3.7/site-packages/urllib3/util/connection.py", line 79, in create_connection
    raise err
  File "/home/xkx/miniconda3/lib/python3.7/site-packages/urllib3/util/connection.py", line 69, in create_connection
    sock.connect(sa)
ConnectionRefusedError: [Errno 111] Connection refused

During handling of the above exception, another exception occurred:

Traceback (most recent call last):
  File "/home/xkx/miniconda3/lib/python3.7/site-packages/urllib3/connectionpool.py", line 600, in urlopen
    chunked=chunked)
  File "/home/xkx/miniconda3/lib/python3.7/site-packages/urllib3/connectionpool.py", line 354, in _make_request
    conn.request(method, url, **httplib_request_kw)
  File "/home/xkx/miniconda3/lib/python3.7/http/client.py", line 1229, in request
    self._send_request(method, url, body, headers, encode_chunked)
  File "/home/xkx/miniconda3/lib/python3.7/http/client.py", line 1275, in _send_request
    self.endheaders(body, encode_chunked=encode_chunked)
  File "/home/xkx/miniconda3/lib/python3.7/http/client.py", line 1224, in endheaders
    self._send_output(message_body, encode_chunked=encode_chunked)
  File "/home/xkx/miniconda3/lib/python3.7/http/client.py", line 1016, in _send_output
    self.send(msg)
  File "/home/xkx/miniconda3/lib/python3.7/http/client.py", line 956, in send
    self.connect()
  File "/home/xkx/miniconda3/lib/python3.7/site-packages/urllib3/connection.py", line 196, in connect
    conn = self._new_conn()
  File "/home/xkx/miniconda3/lib/python3.7/site-packages/urllib3/connection.py", line 180, in _new_conn
    self, "Failed to establish a new connection: %s" % e)
urllib3.exceptions.NewConnectionError: <urllib3.connection.HTTPConnection object at 0x7ff978f5be48>: Failed to establish a new connection: [Errno 111] Connection refused

During handling of the above exception, another exception occurred:

Traceback (most recent call last):
  File "/home/xkx/miniconda3/lib/python3.7/multiprocessing/process.py", line 297, in _bootstrap
    self.run()
  File "/home/xkx/miniconda3/lib/python3.7/multiprocessing/process.py", line 99, in run
    self._target(*self._args, **self._kwargs)
  File "/home/xkx/tech-doc/spider/visual_language_dataset_spider/spider_framework/requestProcess.py", line 75, in spiderEngine
    asyncio.run(spiderMain(*spiderS))
  File "/home/xkx/miniconda3/lib/python3.7/asyncio/runners.py", line 43, in run
    return loop.run_until_complete(main)
  File "/home/xkx/miniconda3/lib/python3.7/asyncio/base_events.py", line 584, in run_until_complete
    return future.result()
  File "/home/xkx/tech-doc/spider/visual_language_dataset_spider/spider_framework/requestProcess.py", line 53, in spiderMain
    await asyncio.gather(*spiderS)
  File "/home/xkx/tech-doc/spider/visual_language_dataset_spider/spider_framework/requestProcess.py", line 39, in phanTomjs
    self._webdriver.get(urlTask)
  File "/home/xkx/miniconda3/lib/python3.7/site-packages/selenium/webdriver/remote/webdriver.py", line 333, in get
    self.execute(Command.GET, {'url': url})
  File "/home/xkx/miniconda3/lib/python3.7/site-packages/selenium/webdriver/remote/webdriver.py", line 319, in execute
    response = self.command_executor.execute(driver_command, params)
  File "/home/xkx/miniconda3/lib/python3.7/site-packages/selenium/webdriver/remote/remote_connection.py", line 374, in execute
    return self._request(command_info[0], url, body=data)
  File "/home/xkx/miniconda3/lib/python3.7/site-packages/selenium/webdriver/remote/remote_connection.py", line 402, in _request
    resp = http.request(method, url, body=body, headers=headers)
  File "/home/xkx/miniconda3/lib/python3.7/site-packages/urllib3/request.py", line 72, in request
    **urlopen_kw)
  File "/home/xkx/miniconda3/lib/python3.7/site-packages/urllib3/request.py", line 150, in request_encode_body
    return self.urlopen(method, url, **extra_kw)
  File "/home/xkx/miniconda3/lib/python3.7/site-packages/urllib3/poolmanager.py", line 322, in urlopen
    response = conn.urlopen(method, u.request_uri, **kw)
  File "/home/xkx/miniconda3/lib/python3.7/site-packages/urllib3/connectionpool.py", line 667, in urlopen
    **response_kw)
  File "/home/xkx/miniconda3/lib/python3.7/site-packages/urllib3/connectionpool.py", line 667, in urlopen
    **response_kw)
  File "/home/xkx/miniconda3/lib/python3.7/site-packages/urllib3/connectionpool.py", line 667, in urlopen
    **response_kw)
  File "/home/xkx/miniconda3/lib/python3.7/site-packages/urllib3/connectionpool.py", line 638, in urlopen
    _stacktrace=sys.exc_info()[2])
  File "/home/xkx/miniconda3/lib/python3.7/site-packages/urllib3/util/retry.py", line 398, in increment
    raise MaxRetryError(_pool, url, error or ResponseError(cause))
urllib3.exceptions.MaxRetryError: HTTPConnectionPool(host='127.0.0.1', port=33905): Max retries exceeded with url: /wd/hub/session/b66e8f90-7f12-11eb-9b4d-bf31de46f492/url (Caused by NewConnectionError('<urllib3.connection.HTTPConnection object at 0x7ff978f5be48>: Failed to establish a new connection: [Errno 111] Connection refused'))
